{"C:\\Users\\pabloruiz\\Documents\\Proyectos\\bootcamp\\13. proyecto-final\\backend\\app.js": {"path":"C:\\Users\\pabloruiz\\Documents\\Proyectos\\bootcamp\\13. proyecto-final\\backend\\app.js","statementMap":{"0":{"start":{"line":1,"column":20},"end":{"line":1,"column":42}},"1":{"start":{"line":2,"column":16},"end":{"line":2,"column":34}},"2":{"start":{"line":3,"column":13},"end":{"line":3,"column":28}},"3":{"start":{"line":4,"column":21},"end":{"line":4,"column":45}},"4":{"start":{"line":5,"column":15},"end":{"line":5,"column":32}},"5":{"start":{"line":6,"column":16},"end":{"line":6,"column":42}},"6":{"start":{"line":7,"column":19},"end":{"line":7,"column":52}},"7":{"start":{"line":8,"column":16},"end":{"line":8,"column":33}},"8":{"start":{"line":9,"column":12},"end":{"line":9,"column":21}},"9":{"start":{"line":10,"column":27},"end":{"line":10,"column":59}},"10":{"start":{"line":11,"column":0},"end":{"line":11,"column":28}},"11":{"start":{"line":16,"column":0},"end":{"line":16,"column":48}},"12":{"start":{"line":17,"column":0},"end":{"line":17,"column":31}},"13":{"start":{"line":18,"column":0},"end":{"line":18,"column":45}},"14":{"start":{"line":21,"column":0},"end":{"line":21,"column":23}},"15":{"start":{"line":24,"column":0},"end":{"line":24,"column":24}},"16":{"start":{"line":27,"column":0},"end":{"line":27,"column":49}},"17":{"start":{"line":29,"column":0},"end":{"line":29,"column":24}},"18":{"start":{"line":30,"column":0},"end":{"line":30,"column":56}},"19":{"start":{"line":37,"column":0},"end":{"line":51,"column":4}},"20":{"start":{"line":54,"column":0},"end":{"line":57,"column":3}},"21":{"start":{"line":55,"column":2},"end":{"line":55,"column":35}},"22":{"start":{"line":56,"column":2},"end":{"line":56,"column":9}},"23":{"start":{"line":60,"column":0},"end":{"line":65,"column":3}},"24":{"start":{"line":61,"column":2},"end":{"line":61,"column":66}},"25":{"start":{"line":62,"column":2},"end":{"line":62,"column":110}},"26":{"start":{"line":64,"column":2},"end":{"line":64,"column":9}},"27":{"start":{"line":67,"column":0},"end":{"line":72,"column":3}},"28":{"start":{"line":68,"column":2},"end":{"line":68,"column":66}},"29":{"start":{"line":69,"column":2},"end":{"line":69,"column":76}},"30":{"start":{"line":71,"column":2},"end":{"line":71,"column":16}},"31":{"start":{"line":77,"column":11},"end":{"line":77,"column":48}},"32":{"start":{"line":79,"column":0},"end":{"line":81,"column":15}},"33":{"start":{"line":83,"column":0},"end":{"line":83,"column":55}},"34":{"start":{"line":91,"column":16},"end":{"line":91,"column":40}},"35":{"start":{"line":95,"column":16},"end":{"line":104,"column":2}},"36":{"start":{"line":97,"column":4},"end":{"line":97,"column":27}},"37":{"start":{"line":100,"column":4},"end":{"line":100,"column":38}},"38":{"start":{"line":101,"column":4},"end":{"line":101,"column":31}},"39":{"start":{"line":106,"column":15},"end":{"line":106,"column":43}},"40":{"start":{"line":108,"column":0},"end":{"line":108,"column":71}},"41":{"start":{"line":111,"column":27},"end":{"line":111,"column":61}},"42":{"start":{"line":115,"column":0},"end":{"line":115,"column":51}},"43":{"start":{"line":116,"column":0},"end":{"line":116,"column":65}},"44":{"start":{"line":117,"column":0},"end":{"line":117,"column":53}},"45":{"start":{"line":118,"column":0},"end":{"line":118,"column":55}},"46":{"start":{"line":119,"column":0},"end":{"line":119,"column":61}},"47":{"start":{"line":122,"column":0},"end":{"line":122,"column":55}},"48":{"start":{"line":127,"column":0},"end":{"line":129,"column":3}},"49":{"start":{"line":128,"column":2},"end":{"line":128,"column":25}},"50":{"start":{"line":133,"column":0},"end":{"line":154,"column":3}},"51":{"start":{"line":135,"column":2},"end":{"line":139,"column":3}},"52":{"start":{"line":136,"column":4},"end":{"line":136,"column":21}},"53":{"start":{"line":137,"column":20},"end":{"line":137,"column":56}},"54":{"start":{"line":138,"column":4},"end":{"line":138,"column":64}},"55":{"start":{"line":143,"column":2},"end":{"line":143,"column":35}},"56":{"start":{"line":144,"column":2},"end":{"line":144,"column":69}},"57":{"start":{"line":148,"column":2},"end":{"line":148,"column":32}},"58":{"start":{"line":149,"column":2},"end":{"line":152,"column":3}},"59":{"start":{"line":150,"column":4},"end":{"line":150,"column":44}},"60":{"start":{"line":151,"column":4},"end":{"line":151,"column":11}},"61":{"start":{"line":153,"column":2},"end":{"line":153,"column":22}},"62":{"start":{"line":157,"column":2},"end":{"line":157,"column":47}},"63":{"start":{"line":160,"column":0},"end":{"line":160,"column":21}}},"fnMap":{"0":{"name":"(anonymous_0)","decl":{"start":{"line":54,"column":8},"end":{"line":54,"column":9}},"loc":{"start":{"line":54,"column":28},"end":{"line":57,"column":1}},"line":54},"1":{"name":"(anonymous_1)","decl":{"start":{"line":60,"column":8},"end":{"line":60,"column":9}},"loc":{"start":{"line":60,"column":33},"end":{"line":65,"column":1}},"line":60},"2":{"name":"(anonymous_2)","decl":{"start":{"line":67,"column":18},"end":{"line":67,"column":19}},"loc":{"start":{"line":67,"column":42},"end":{"line":72,"column":1}},"line":67},"3":{"name":"(anonymous_3)","decl":{"start":{"line":96,"column":15},"end":{"line":96,"column":16}},"loc":{"start":{"line":96,"column":40},"end":{"line":98,"column":3}},"line":96},"4":{"name":"(anonymous_4)","decl":{"start":{"line":99,"column":12},"end":{"line":99,"column":13}},"loc":{"start":{"line":99,"column":37},"end":{"line":103,"column":3}},"line":99},"5":{"name":"(anonymous_5)","decl":{"start":{"line":127,"column":8},"end":{"line":127,"column":9}},"loc":{"start":{"line":127,"column":33},"end":{"line":129,"column":1}},"line":127},"6":{"name":"(anonymous_6)","decl":{"start":{"line":133,"column":8},"end":{"line":133,"column":9}},"loc":{"start":{"line":133,"column":38},"end":{"line":154,"column":1}},"line":133},"7":{"name":"isAPI","decl":{"start":{"line":156,"column":9},"end":{"line":156,"column":14}},"loc":{"start":{"line":156,"column":20},"end":{"line":158,"column":1}},"line":156}},"branchMap":{"0":{"loc":{"start":{"line":135,"column":2},"end":{"line":139,"column":3}},"type":"if","locations":[{"start":{"line":135,"column":2},"end":{"line":139,"column":3}},{"start":{"line":135,"column":2},"end":{"line":139,"column":3}}],"line":135},"1":{"loc":{"start":{"line":144,"column":21},"end":{"line":144,"column":68}},"type":"cond-expr","locations":[{"start":{"line":144,"column":60},"end":{"line":144,"column":63}},{"start":{"line":144,"column":66},"end":{"line":144,"column":68}}],"line":144},"2":{"loc":{"start":{"line":148,"column":13},"end":{"line":148,"column":30}},"type":"binary-expr","locations":[{"start":{"line":148,"column":13},"end":{"line":148,"column":23}},{"start":{"line":148,"column":27},"end":{"line":148,"column":30}}],"line":148},"3":{"loc":{"start":{"line":149,"column":2},"end":{"line":152,"column":3}},"type":"if","locations":[{"start":{"line":149,"column":2},"end":{"line":152,"column":3}},{"start":{"line":149,"column":2},"end":{"line":152,"column":3}}],"line":149}},"s":{"0":1,"1":1,"2":1,"3":1,"4":1,"5":1,"6":1,"7":1,"8":1,"9":1,"10":1,"11":1,"12":1,"13":1,"14":1,"15":1,"16":1,"17":1,"18":1,"19":1,"20":1,"21":1,"22":1,"23":1,"24":1,"25":1,"26":1,"27":1,"28":0,"29":0,"30":0,"31":1,"32":1,"33":1,"34":1,"35":1,"36":0,"37":0,"38":0,"39":1,"40":1,"41":1,"42":1,"43":1,"44":1,"45":1,"46":1,"47":1,"48":1,"49":0,"50":1,"51":0,"52":0,"53":0,"54":0,"55":0,"56":0,"57":0,"58":0,"59":0,"60":0,"61":0,"62":0,"63":1},"f":{"0":1,"1":1,"2":0,"3":0,"4":0,"5":0,"6":0,"7":0},"b":{"0":[0,0],"1":[0,0],"2":[0,0],"3":[0,0]},"_coverageSchema":"1a1c01bbd47fc00a2c39e90264f33305004495a9","hash":"392d77d1a8e552f97e1d519290bd1ce9a2818d7a"}
,"C:\\Users\\pabloruiz\\Documents\\Proyectos\\bootcamp\\13. proyecto-final\\backend\\lib\\connectMongoose.js": {"path":"C:\\Users\\pabloruiz\\Documents\\Proyectos\\bootcamp\\13. proyecto-final\\backend\\lib\\connectMongoose.js","statementMap":{"0":{"start":{"line":4,"column":17},"end":{"line":4,"column":36}},"1":{"start":{"line":5,"column":11},"end":{"line":5,"column":30}},"2":{"start":{"line":8,"column":0},"end":{"line":11,"column":3}},"3":{"start":{"line":9,"column":4},"end":{"line":9,"column":21}},"4":{"start":{"line":10,"column":4},"end":{"line":10,"column":20}},"5":{"start":{"line":13,"column":0},"end":{"line":15,"column":3}},"6":{"start":{"line":14,"column":4},"end":{"line":14,"column":42}},"7":{"start":{"line":19,"column":0},"end":{"line":19,"column":68}},"8":{"start":{"line":22,"column":0},"end":{"line":22,"column":20}}},"fnMap":{"0":{"name":"(anonymous_0)","decl":{"start":{"line":8,"column":15},"end":{"line":8,"column":16}},"loc":{"start":{"line":8,"column":29},"end":{"line":11,"column":1}},"line":8},"1":{"name":"(anonymous_1)","decl":{"start":{"line":13,"column":16},"end":{"line":13,"column":17}},"loc":{"start":{"line":13,"column":27},"end":{"line":15,"column":1}},"line":13}},"branchMap":{},"s":{"0":1,"1":1,"2":1,"3":0,"4":0,"5":1,"6":1,"7":1,"8":1},"f":{"0":0,"1":1},"b":{},"_coverageSchema":"1a1c01bbd47fc00a2c39e90264f33305004495a9","hash":"107e903229177848ff632e7009a1fb791f1eff2a"}
,"C:\\Users\\pabloruiz\\Documents\\Proyectos\\bootcamp\\13. proyecto-final\\backend\\lib\\jwtAuth.js": {"path":"C:\\Users\\pabloruiz\\Documents\\Proyectos\\bootcamp\\13. proyecto-final\\backend\\lib\\jwtAuth.js","statementMap":{"0":{"start":{"line":3,"column":12},"end":{"line":3,"column":35}},"1":{"start":{"line":5,"column":0},"end":{"line":39,"column":1}},"2":{"start":{"line":7,"column":4},"end":{"line":38,"column":5}},"3":{"start":{"line":9,"column":8},"end":{"line":37,"column":9}},"4":{"start":{"line":10,"column":12},"end":{"line":10,"column":19}},"5":{"start":{"line":13,"column":26},"end":{"line":13,"column":87}},"6":{"start":{"line":16,"column":12},"end":{"line":21,"column":13}},"7":{"start":{"line":17,"column":28},"end":{"line":17,"column":66}},"8":{"start":{"line":18,"column":16},"end":{"line":18,"column":33}},"9":{"start":{"line":19,"column":16},"end":{"line":19,"column":26}},"10":{"start":{"line":20,"column":16},"end":{"line":20,"column":23}},"11":{"start":{"line":24,"column":12},"end":{"line":36,"column":15}},"12":{"start":{"line":25,"column":16},"end":{"line":30,"column":17}},"13":{"start":{"line":26,"column":32},"end":{"line":26,"column":70}},"14":{"start":{"line":27,"column":20},"end":{"line":27,"column":37}},"15":{"start":{"line":28,"column":20},"end":{"line":28,"column":30}},"16":{"start":{"line":29,"column":20},"end":{"line":29,"column":27}},"17":{"start":{"line":33,"column":16},"end":{"line":33,"column":44}},"18":{"start":{"line":34,"column":16},"end":{"line":34,"column":23}}},"fnMap":{"0":{"name":"(anonymous_0)","decl":{"start":{"line":5,"column":17},"end":{"line":5,"column":18}},"loc":{"start":{"line":5,"column":29},"end":{"line":39,"column":1}},"line":5},"1":{"name":"(anonymous_1)","decl":{"start":{"line":7,"column":11},"end":{"line":7,"column":12}},"loc":{"start":{"line":7,"column":37},"end":{"line":38,"column":5}},"line":7},"2":{"name":"(anonymous_2)","decl":{"start":{"line":24,"column":54},"end":{"line":24,"column":55}},"loc":{"start":{"line":24,"column":72},"end":{"line":36,"column":13}},"line":24}},"branchMap":{"0":{"loc":{"start":{"line":9,"column":8},"end":{"line":37,"column":9}},"type":"if","locations":[{"start":{"line":9,"column":8},"end":{"line":37,"column":9}},{"start":{"line":9,"column":8},"end":{"line":37,"column":9}}],"line":9},"1":{"loc":{"start":{"line":13,"column":26},"end":{"line":13,"column":87}},"type":"binary-expr","locations":[{"start":{"line":13,"column":26},"end":{"line":13,"column":40}},{"start":{"line":13,"column":44},"end":{"line":13,"column":59}},{"start":{"line":13,"column":63},"end":{"line":13,"column":87}}],"line":13},"2":{"loc":{"start":{"line":16,"column":12},"end":{"line":21,"column":13}},"type":"if","locations":[{"start":{"line":16,"column":12},"end":{"line":21,"column":13}},{"start":{"line":16,"column":12},"end":{"line":21,"column":13}}],"line":16},"3":{"loc":{"start":{"line":25,"column":16},"end":{"line":30,"column":17}},"type":"if","locations":[{"start":{"line":25,"column":16},"end":{"line":30,"column":17}},{"start":{"line":25,"column":16},"end":{"line":30,"column":17}}],"line":25}},"s":{"0":1,"1":1,"2":0,"3":0,"4":0,"5":0,"6":0,"7":0,"8":0,"9":0,"10":0,"11":0,"12":0,"13":0,"14":0,"15":0,"16":0,"17":0,"18":0},"f":{"0":0,"1":0,"2":0},"b":{"0":[0,0],"1":[0,0,0],"2":[0,0],"3":[0,0]},"_coverageSchema":"1a1c01bbd47fc00a2c39e90264f33305004495a9","hash":"de3adca18e98ce140f29997d9325e966c9d2784a"}
,"C:\\Users\\pabloruiz\\Documents\\Proyectos\\bootcamp\\13. proyecto-final\\backend\\lib\\microservices\\thumbnailClient.js": {"path":"C:\\Users\\pabloruiz\\Documents\\Proyectos\\bootcamp\\13. proyecto-final\\backend\\lib\\microservices\\thumbnailClient.js","statementMap":{"0":{"start":{"line":3,"column":13},"end":{"line":3,"column":28}},"1":{"start":{"line":5,"column":18},"end":{"line":5,"column":59}},"2":{"start":{"line":10,"column":4},"end":{"line":15,"column":7}},"3":{"start":{"line":14,"column":6},"end":{"line":14,"column":84}},"4":{"start":{"line":20,"column":0},"end":{"line":20,"column":39}}},"fnMap":{"0":{"name":"(anonymous_0)","decl":{"start":{"line":9,"column":2},"end":{"line":9,"column":3}},"loc":{"start":{"line":9,"column":20},"end":{"line":16,"column":3}},"line":9},"1":{"name":"(anonymous_1)","decl":{"start":{"line":13,"column":7},"end":{"line":13,"column":8}},"loc":{"start":{"line":13,"column":19},"end":{"line":15,"column":5}},"line":13}},"branchMap":{},"s":{"0":1,"1":1,"2":0,"3":0,"4":1},"f":{"0":0,"1":0},"b":{},"_coverageSchema":"1a1c01bbd47fc00a2c39e90264f33305004495a9","hash":"4371a3e9a3886c9f5e9285fbfc8cc4a5efa3bfca"}
,"C:\\Users\\pabloruiz\\Documents\\Proyectos\\bootcamp\\13. proyecto-final\\backend\\models\\Anuncio.js": {"path":"C:\\Users\\pabloruiz\\Documents\\Proyectos\\bootcamp\\13. proyecto-final\\backend\\models\\Anuncio.js","statementMap":{"0":{"start":{"line":3,"column":17},"end":{"line":3,"column":36}},"1":{"start":{"line":5,"column":22},"end":{"line":11,"column":2}},"2":{"start":{"line":14,"column":0},"end":{"line":81,"column":2}},"3":{"start":{"line":18,"column":25},"end":{"line":18,"column":27}},"4":{"start":{"line":19,"column":24},"end":{"line":19,"column":26}},"5":{"start":{"line":20,"column":26},"end":{"line":20,"column":28}},"6":{"start":{"line":21,"column":22},"end":{"line":21,"column":24}},"7":{"start":{"line":23,"column":17},"end":{"line":23,"column":19}},"8":{"start":{"line":26,"column":4},"end":{"line":29,"column":5}},"9":{"start":{"line":27,"column":8},"end":{"line":27,"column":73}},"10":{"start":{"line":28,"column":8},"end":{"line":28,"column":90}},"11":{"start":{"line":28,"column":53},"end":{"line":28,"column":88}},"12":{"start":{"line":32,"column":4},"end":{"line":35,"column":5}},"13":{"start":{"line":33,"column":8},"end":{"line":33,"column":46}},"14":{"start":{"line":34,"column":8},"end":{"line":34,"column":88}},"15":{"start":{"line":34,"column":52},"end":{"line":34,"column":86}},"16":{"start":{"line":38,"column":4},"end":{"line":54,"column":5}},"17":{"start":{"line":39,"column":22},"end":{"line":39,"column":46}},"18":{"start":{"line":41,"column":8},"end":{"line":52,"column":9}},"19":{"start":{"line":42,"column":12},"end":{"line":48,"column":13}},"20":{"start":{"line":43,"column":16},"end":{"line":43,"column":69}},"21":{"start":{"line":44,"column":19},"end":{"line":48,"column":13}},"22":{"start":{"line":45,"column":16},"end":{"line":45,"column":70}},"23":{"start":{"line":47,"column":16},"end":{"line":47,"column":90}},"24":{"start":{"line":50,"column":15},"end":{"line":52,"column":9}},"25":{"start":{"line":51,"column":12},"end":{"line":51,"column":62}},"26":{"start":{"line":53,"column":8},"end":{"line":53,"column":92}},"27":{"start":{"line":53,"column":54},"end":{"line":53,"column":90}},"28":{"start":{"line":57,"column":4},"end":{"line":71,"column":5}},"29":{"start":{"line":59,"column":8},"end":{"line":68,"column":9}},"30":{"start":{"line":60,"column":12},"end":{"line":60,"column":47}},"31":{"start":{"line":67,"column":12},"end":{"line":67,"column":139}},"32":{"start":{"line":69,"column":8},"end":{"line":69,"column":84}},"33":{"start":{"line":69,"column":50},"end":{"line":69,"column":82}},"34":{"start":{"line":74,"column":4},"end":{"line":74,"column":35}},"35":{"start":{"line":76,"column":4},"end":{"line":76,"column":23}},"36":{"start":{"line":77,"column":4},"end":{"line":77,"column":21}},"37":{"start":{"line":78,"column":4},"end":{"line":78,"column":25}},"38":{"start":{"line":79,"column":4},"end":{"line":79,"column":21}},"39":{"start":{"line":80,"column":4},"end":{"line":80,"column":19}},"40":{"start":{"line":84,"column":16},"end":{"line":84,"column":56}}},"fnMap":{"0":{"name":"(anonymous_0)","decl":{"start":{"line":14,"column":29},"end":{"line":14,"column":30}},"loc":{"start":{"line":14,"column":77},"end":{"line":81,"column":1}},"line":14},"1":{"name":"(anonymous_1)","decl":{"start":{"line":28,"column":44},"end":{"line":28,"column":45}},"loc":{"start":{"line":28,"column":53},"end":{"line":28,"column":88}},"line":28},"2":{"name":"(anonymous_2)","decl":{"start":{"line":34,"column":43},"end":{"line":34,"column":44}},"loc":{"start":{"line":34,"column":52},"end":{"line":34,"column":86}},"line":34},"3":{"name":"(anonymous_3)","decl":{"start":{"line":53,"column":45},"end":{"line":53,"column":46}},"loc":{"start":{"line":53,"column":54},"end":{"line":53,"column":90}},"line":53},"4":{"name":"(anonymous_4)","decl":{"start":{"line":69,"column":41},"end":{"line":69,"column":42}},"loc":{"start":{"line":69,"column":50},"end":{"line":69,"column":82}},"line":69}},"branchMap":{"0":{"loc":{"start":{"line":26,"column":4},"end":{"line":29,"column":5}},"type":"if","locations":[{"start":{"line":26,"column":4},"end":{"line":29,"column":5}},{"start":{"line":26,"column":4},"end":{"line":29,"column":5}}],"line":26},"1":{"loc":{"start":{"line":32,"column":4},"end":{"line":35,"column":5}},"type":"if","locations":[{"start":{"line":32,"column":4},"end":{"line":35,"column":5}},{"start":{"line":32,"column":4},"end":{"line":35,"column":5}}],"line":32},"2":{"loc":{"start":{"line":38,"column":4},"end":{"line":54,"column":5}},"type":"if","locations":[{"start":{"line":38,"column":4},"end":{"line":54,"column":5}},{"start":{"line":38,"column":4},"end":{"line":54,"column":5}}],"line":38},"3":{"loc":{"start":{"line":41,"column":8},"end":{"line":52,"column":9}},"type":"if","locations":[{"start":{"line":41,"column":8},"end":{"line":52,"column":9}},{"start":{"line":41,"column":8},"end":{"line":52,"column":9}}],"line":41},"4":{"loc":{"start":{"line":42,"column":12},"end":{"line":48,"column":13}},"type":"if","locations":[{"start":{"line":42,"column":12},"end":{"line":48,"column":13}},{"start":{"line":42,"column":12},"end":{"line":48,"column":13}}],"line":42},"5":{"loc":{"start":{"line":44,"column":19},"end":{"line":48,"column":13}},"type":"if","locations":[{"start":{"line":44,"column":19},"end":{"line":48,"column":13}},{"start":{"line":44,"column":19},"end":{"line":48,"column":13}}],"line":44},"6":{"loc":{"start":{"line":50,"column":15},"end":{"line":52,"column":9}},"type":"if","locations":[{"start":{"line":50,"column":15},"end":{"line":52,"column":9}},{"start":{"line":50,"column":15},"end":{"line":52,"column":9}}],"line":50},"7":{"loc":{"start":{"line":57,"column":4},"end":{"line":71,"column":5}},"type":"if","locations":[{"start":{"line":57,"column":4},"end":{"line":71,"column":5}},{"start":{"line":57,"column":4},"end":{"line":71,"column":5}}],"line":57},"8":{"loc":{"start":{"line":59,"column":8},"end":{"line":68,"column":9}},"type":"if","locations":[{"start":{"line":59,"column":8},"end":{"line":68,"column":9}},{"start":{"line":59,"column":8},"end":{"line":68,"column":9}}],"line":59}},"s":{"0":1,"1":1,"2":1,"3":1,"4":1,"5":1,"6":1,"7":1,"8":1,"9":0,"10":0,"11":0,"12":1,"13":0,"14":0,"15":0,"16":1,"17":0,"18":0,"19":0,"20":0,"21":0,"22":0,"23":0,"24":0,"25":0,"26":0,"27":0,"28":1,"29":0,"30":0,"31":0,"32":0,"33":0,"34":1,"35":1,"36":1,"37":1,"38":1,"39":1,"40":1},"f":{"0":1,"1":0,"2":0,"3":0,"4":0},"b":{"0":[0,1],"1":[0,1],"2":[0,1],"3":[0,0],"4":[0,0],"5":[0,0],"6":[0,0],"7":[0,1],"8":[0,0]},"_coverageSchema":"1a1c01bbd47fc00a2c39e90264f33305004495a9","hash":"ae93921fa205e23289f7db3da097d4951f6b9159"}
,"C:\\Users\\pabloruiz\\Documents\\Proyectos\\bootcamp\\13. proyecto-final\\backend\\models\\Usuario.js": {"path":"C:\\Users\\pabloruiz\\Documents\\Proyectos\\bootcamp\\13. proyecto-final\\backend\\models\\Usuario.js","statementMap":{"0":{"start":{"line":3,"column":17},"end":{"line":3,"column":36}},"1":{"start":{"line":4,"column":15},"end":{"line":4,"column":32}},"2":{"start":{"line":7,"column":22},"end":{"line":15,"column":1}},"3":{"start":{"line":17,"column":0},"end":{"line":19,"column":1}},"4":{"start":{"line":18,"column":4},"end":{"line":18,"column":42}},"5":{"start":{"line":21,"column":16},"end":{"line":21,"column":56}},"6":{"start":{"line":23,"column":0},"end":{"line":23,"column":25}}},"fnMap":{"0":{"name":"(anonymous_0)","decl":{"start":{"line":17,"column":37},"end":{"line":17,"column":38}},"loc":{"start":{"line":17,"column":61},"end":{"line":19,"column":1}},"line":17}},"branchMap":{},"s":{"0":1,"1":1,"2":1,"3":1,"4":0,"5":1,"6":1},"f":{"0":0},"b":{},"_coverageSchema":"1a1c01bbd47fc00a2c39e90264f33305004495a9","hash":"ef8f1158e604812a61953640e29d1eac95c3585f"}
,"C:\\Users\\pabloruiz\\Documents\\Proyectos\\bootcamp\\13. proyecto-final\\backend\\routes\\index.js": {"path":"C:\\Users\\pabloruiz\\Documents\\Proyectos\\bootcamp\\13. proyecto-final\\backend\\routes\\index.js","statementMap":{"0":{"start":{"line":1,"column":16},"end":{"line":1,"column":34}},"1":{"start":{"line":2,"column":15},"end":{"line":2,"column":31}},"2":{"start":{"line":6,"column":0},"end":{"line":9,"column":3}},"3":{"start":{"line":7,"column":4},"end":{"line":7,"column":24}},"4":{"start":{"line":8,"column":2},"end":{"line":8,"column":22}},"5":{"start":{"line":15,"column":0},"end":{"line":15,"column":24}}},"fnMap":{"0":{"name":"(anonymous_0)","decl":{"start":{"line":6,"column":16},"end":{"line":6,"column":17}},"loc":{"start":{"line":6,"column":41},"end":{"line":9,"column":1}},"line":6}},"branchMap":{},"s":{"0":1,"1":1,"2":1,"3":0,"4":0,"5":1},"f":{"0":0},"b":{},"_coverageSchema":"1a1c01bbd47fc00a2c39e90264f33305004495a9","hash":"4c64fbc1fbf788e94fe9e4c2f13a78fa8d6c7b55"}
,"C:\\Users\\pabloruiz\\Documents\\Proyectos\\bootcamp\\13. proyecto-final\\backend\\routes\\apiv1\\anuncios.js": {"path":"C:\\Users\\pabloruiz\\Documents\\Proyectos\\bootcamp\\13. proyecto-final\\backend\\routes\\apiv1\\anuncios.js","statementMap":{"0":{"start":{"line":3,"column":17},"end":{"line":3,"column":36}},"1":{"start":{"line":4,"column":16},"end":{"line":4,"column":41}},"2":{"start":{"line":5,"column":24},"end":{"line":5,"column":74}},"3":{"start":{"line":6,"column":13},"end":{"line":6,"column":28}},"4":{"start":{"line":14,"column":21},"end":{"line":14,"column":23}},"5":{"start":{"line":16,"column":8},"end":{"line":18,"column":9}},"6":{"start":{"line":17,"column":12},"end":{"line":17,"column":45}},"7":{"start":{"line":20,"column":8},"end":{"line":22,"column":9}},"8":{"start":{"line":21,"column":12},"end":{"line":21,"column":43}},"9":{"start":{"line":24,"column":8},"end":{"line":26,"column":9}},"10":{"start":{"line":25,"column":12},"end":{"line":25,"column":45}},"11":{"start":{"line":28,"column":8},"end":{"line":30,"column":9}},"12":{"start":{"line":29,"column":12},"end":{"line":29,"column":39}},"13":{"start":{"line":32,"column":20},"end":{"line":32,"column":53}},"14":{"start":{"line":33,"column":19},"end":{"line":33,"column":51}},"15":{"start":{"line":34,"column":21},"end":{"line":34,"column":45}},"16":{"start":{"line":35,"column":19},"end":{"line":35,"column":42}},"17":{"start":{"line":38,"column":8},"end":{"line":47,"column":11}},"18":{"start":{"line":39,"column":12},"end":{"line":42,"column":13}},"19":{"start":{"line":40,"column":16},"end":{"line":40,"column":26}},"20":{"start":{"line":41,"column":16},"end":{"line":41,"column":23}},"21":{"start":{"line":45,"column":12},"end":{"line":45,"column":47}},"22":{"start":{"line":53,"column":17},"end":{"line":53,"column":30}},"23":{"start":{"line":55,"column":8},"end":{"line":63,"column":10}},"24":{"start":{"line":56,"column":12},"end":{"line":59,"column":13}},"25":{"start":{"line":57,"column":16},"end":{"line":57,"column":26}},"26":{"start":{"line":58,"column":16},"end":{"line":58,"column":23}},"27":{"start":{"line":62,"column":12},"end":{"line":62,"column":52}},"28":{"start":{"line":69,"column":22},"end":{"line":69,"column":43}},"29":{"start":{"line":71,"column":8},"end":{"line":71,"column":66}},"30":{"start":{"line":73,"column":8},"end":{"line":78,"column":11}},"31":{"start":{"line":74,"column":12},"end":{"line":76,"column":13}},"32":{"start":{"line":75,"column":16},"end":{"line":75,"column":33}},"33":{"start":{"line":77,"column":12},"end":{"line":77,"column":61}},"34":{"start":{"line":83,"column":17},"end":{"line":83,"column":30}},"35":{"start":{"line":84,"column":8},"end":{"line":89,"column":11}},"36":{"start":{"line":85,"column":12},"end":{"line":87,"column":13}},"37":{"start":{"line":86,"column":16},"end":{"line":86,"column":33}},"38":{"start":{"line":88,"column":12},"end":{"line":88,"column":53}},"39":{"start":{"line":94,"column":17},"end":{"line":94,"column":30}},"40":{"start":{"line":95,"column":8},"end":{"line":100,"column":11}},"41":{"start":{"line":96,"column":12},"end":{"line":98,"column":13}},"42":{"start":{"line":97,"column":16},"end":{"line":97,"column":33}},"43":{"start":{"line":99,"column":12},"end":{"line":99,"column":51}},"44":{"start":{"line":105,"column":0},"end":{"line":105,"column":42}}},"fnMap":{"0":{"name":"(anonymous_0)","decl":{"start":{"line":12,"column":4},"end":{"line":12,"column":5}},"loc":{"start":{"line":12,"column":24},"end":{"line":48,"column":5}},"line":12},"1":{"name":"(anonymous_1)","decl":{"start":{"line":38,"column":56},"end":{"line":38,"column":57}},"loc":{"start":{"line":38,"column":77},"end":{"line":47,"column":9}},"line":38},"2":{"name":"(anonymous_2)","decl":{"start":{"line":51,"column":4},"end":{"line":51,"column":5}},"loc":{"start":{"line":51,"column":33},"end":{"line":64,"column":5}},"line":51},"3":{"name":"(anonymous_3)","decl":{"start":{"line":55,"column":34},"end":{"line":55,"column":35}},"loc":{"start":{"line":55,"column":55},"end":{"line":63,"column":9}},"line":55},"4":{"name":"(anonymous_4)","decl":{"start":{"line":67,"column":4},"end":{"line":67,"column":5}},"loc":{"start":{"line":67,"column":25},"end":{"line":79,"column":5}},"line":67},"5":{"name":"(anonymous_5)","decl":{"start":{"line":73,"column":21},"end":{"line":73,"column":22}},"loc":{"start":{"line":73,"column":53},"end":{"line":78,"column":9}},"line":73},"6":{"name":"(anonymous_6)","decl":{"start":{"line":82,"column":4},"end":{"line":82,"column":5}},"loc":{"start":{"line":82,"column":24},"end":{"line":90,"column":5}},"line":82},"7":{"name":"(anonymous_7)","decl":{"start":{"line":84,"column":46},"end":{"line":84,"column":47}},"loc":{"start":{"line":84,"column":70},"end":{"line":89,"column":9}},"line":84},"8":{"name":"(anonymous_8)","decl":{"start":{"line":93,"column":4},"end":{"line":93,"column":5}},"loc":{"start":{"line":93,"column":27},"end":{"line":101,"column":5}},"line":93},"9":{"name":"(anonymous_9)","decl":{"start":{"line":95,"column":36},"end":{"line":95,"column":37}},"loc":{"start":{"line":95,"column":59},"end":{"line":100,"column":9}},"line":95}},"branchMap":{"0":{"loc":{"start":{"line":16,"column":8},"end":{"line":18,"column":9}},"type":"if","locations":[{"start":{"line":16,"column":8},"end":{"line":18,"column":9}},{"start":{"line":16,"column":8},"end":{"line":18,"column":9}}],"line":16},"1":{"loc":{"start":{"line":20,"column":8},"end":{"line":22,"column":9}},"type":"if","locations":[{"start":{"line":20,"column":8},"end":{"line":22,"column":9}},{"start":{"line":20,"column":8},"end":{"line":22,"column":9}}],"line":20},"2":{"loc":{"start":{"line":24,"column":8},"end":{"line":26,"column":9}},"type":"if","locations":[{"start":{"line":24,"column":8},"end":{"line":26,"column":9}},{"start":{"line":24,"column":8},"end":{"line":26,"column":9}}],"line":24},"3":{"loc":{"start":{"line":28,"column":8},"end":{"line":30,"column":9}},"type":"if","locations":[{"start":{"line":28,"column":8},"end":{"line":30,"column":9}},{"start":{"line":28,"column":8},"end":{"line":30,"column":9}}],"line":28},"4":{"loc":{"start":{"line":32,"column":20},"end":{"line":32,"column":53}},"type":"binary-expr","locations":[{"start":{"line":32,"column":20},"end":{"line":32,"column":45}},{"start":{"line":32,"column":49},"end":{"line":32,"column":53}}],"line":32},"5":{"loc":{"start":{"line":33,"column":19},"end":{"line":33,"column":51}},"type":"binary-expr","locations":[{"start":{"line":33,"column":19},"end":{"line":33,"column":43}},{"start":{"line":33,"column":47},"end":{"line":33,"column":51}}],"line":33},"6":{"loc":{"start":{"line":34,"column":21},"end":{"line":34,"column":45}},"type":"binary-expr","locations":[{"start":{"line":34,"column":21},"end":{"line":34,"column":37}},{"start":{"line":34,"column":41},"end":{"line":34,"column":45}}],"line":34},"7":{"loc":{"start":{"line":35,"column":19},"end":{"line":35,"column":42}},"type":"binary-expr","locations":[{"start":{"line":35,"column":19},"end":{"line":35,"column":33}},{"start":{"line":35,"column":37},"end":{"line":35,"column":42}}],"line":35},"8":{"loc":{"start":{"line":39,"column":12},"end":{"line":42,"column":13}},"type":"if","locations":[{"start":{"line":39,"column":12},"end":{"line":42,"column":13}},{"start":{"line":39,"column":12},"end":{"line":42,"column":13}}],"line":39},"9":{"loc":{"start":{"line":56,"column":12},"end":{"line":59,"column":13}},"type":"if","locations":[{"start":{"line":56,"column":12},"end":{"line":59,"column":13}},{"start":{"line":56,"column":12},"end":{"line":59,"column":13}}],"line":56},"10":{"loc":{"start":{"line":74,"column":12},"end":{"line":76,"column":13}},"type":"if","locations":[{"start":{"line":74,"column":12},"end":{"line":76,"column":13}},{"start":{"line":74,"column":12},"end":{"line":76,"column":13}}],"line":74},"11":{"loc":{"start":{"line":85,"column":12},"end":{"line":87,"column":13}},"type":"if","locations":[{"start":{"line":85,"column":12},"end":{"line":87,"column":13}},{"start":{"line":85,"column":12},"end":{"line":87,"column":13}}],"line":85},"12":{"loc":{"start":{"line":96,"column":12},"end":{"line":98,"column":13}},"type":"if","locations":[{"start":{"line":96,"column":12},"end":{"line":98,"column":13}},{"start":{"line":96,"column":12},"end":{"line":98,"column":13}}],"line":96}},"s":{"0":1,"1":1,"2":1,"3":1,"4":1,"5":1,"6":0,"7":1,"8":0,"9":1,"10":0,"11":1,"12":0,"13":1,"14":1,"15":1,"16":1,"17":1,"18":1,"19":0,"20":0,"21":1,"22":0,"23":0,"24":0,"25":0,"26":0,"27":0,"28":0,"29":0,"30":0,"31":0,"32":0,"33":0,"34":0,"35":0,"36":0,"37":0,"38":0,"39":0,"40":0,"41":0,"42":0,"43":0,"44":1},"f":{"0":1,"1":1,"2":0,"3":0,"4":0,"5":0,"6":0,"7":0,"8":0,"9":0},"b":{"0":[0,1],"1":[0,1],"2":[0,1],"3":[0,1],"4":[1,1],"5":[1,1],"6":[1,1],"7":[1,1],"8":[0,1],"9":[0,0],"10":[0,0],"11":[0,0],"12":[0,0]},"_coverageSchema":"1a1c01bbd47fc00a2c39e90264f33305004495a9","hash":"9be9c7803ae6b0c5acb9d2e4f7d35c386a642543"}
,"C:\\Users\\pabloruiz\\Documents\\Proyectos\\bootcamp\\13. proyecto-final\\backend\\routes\\apiv1\\loginAPIController.js": {"path":"C:\\Users\\pabloruiz\\Documents\\Proyectos\\bootcamp\\13. proyecto-final\\backend\\routes\\apiv1\\loginAPIController.js","statementMap":{"0":{"start":{"line":3,"column":16},"end":{"line":3,"column":34}},"1":{"start":{"line":4,"column":15},"end":{"line":4,"column":31}},"2":{"start":{"line":5,"column":15},"end":{"line":5,"column":32}},"3":{"start":{"line":6,"column":12},"end":{"line":6,"column":35}},"4":{"start":{"line":7,"column":16},"end":{"line":7,"column":47}},"5":{"start":{"line":10,"column":0},"end":{"line":40,"column":3}},"6":{"start":{"line":11,"column":8},"end":{"line":38,"column":9}},"7":{"start":{"line":13,"column":26},"end":{"line":13,"column":40}},"8":{"start":{"line":14,"column":29},"end":{"line":14,"column":46}},"9":{"start":{"line":17,"column":28},"end":{"line":17,"column":67}},"10":{"start":{"line":20,"column":12},"end":{"line":23,"column":13}},"11":{"start":{"line":21,"column":16},"end":{"line":21,"column":84}},"12":{"start":{"line":22,"column":16},"end":{"line":22,"column":23}},"13":{"start":{"line":27,"column":26},"end":{"line":31,"column":17}},"14":{"start":{"line":34,"column":12},"end":{"line":34,"column":54}},"15":{"start":{"line":37,"column":12},"end":{"line":37,"column":22}},"16":{"start":{"line":42,"column":0},"end":{"line":42,"column":24}}},"fnMap":{"0":{"name":"(anonymous_0)","decl":{"start":{"line":10,"column":17},"end":{"line":10,"column":18}},"loc":{"start":{"line":10,"column":49},"end":{"line":40,"column":1}},"line":10}},"branchMap":{"0":{"loc":{"start":{"line":20,"column":12},"end":{"line":23,"column":13}},"type":"if","locations":[{"start":{"line":20,"column":12},"end":{"line":23,"column":13}},{"start":{"line":20,"column":12},"end":{"line":23,"column":13}}],"line":20},"1":{"loc":{"start":{"line":20,"column":16},"end":{"line":20,"column":77}},"type":"binary-expr","locations":[{"start":{"line":20,"column":16},"end":{"line":20,"column":24}},{"start":{"line":20,"column":28},"end":{"line":20,"column":77}}],"line":20}},"s":{"0":1,"1":1,"2":1,"3":1,"4":1,"5":1,"6":0,"7":0,"8":0,"9":0,"10":0,"11":0,"12":0,"13":0,"14":0,"15":0,"16":1},"f":{"0":0},"b":{"0":[0,0],"1":[0,0]},"_coverageSchema":"1a1c01bbd47fc00a2c39e90264f33305004495a9","hash":"9532e4f414e4ad71bb7189286e8b3110bd133d50"}
,"C:\\Users\\pabloruiz\\Documents\\Proyectos\\bootcamp\\13. proyecto-final\\backend\\routes\\apiv1\\tags.js": {"path":"C:\\Users\\pabloruiz\\Documents\\Proyectos\\bootcamp\\13. proyecto-final\\backend\\routes\\apiv1\\tags.js","statementMap":{"0":{"start":{"line":3,"column":16},"end":{"line":3,"column":34}},"1":{"start":{"line":4,"column":15},"end":{"line":4,"column":31}},"2":{"start":{"line":5,"column":17},"end":{"line":5,"column":36}},"3":{"start":{"line":6,"column":16},"end":{"line":6,"column":41}},"4":{"start":{"line":10,"column":0},"end":{"line":38,"column":3}},"5":{"start":{"line":12,"column":4},"end":{"line":37,"column":7}},"6":{"start":{"line":13,"column":8},"end":{"line":16,"column":9}},"7":{"start":{"line":14,"column":12},"end":{"line":14,"column":22}},"8":{"start":{"line":15,"column":12},"end":{"line":15,"column":19}},"9":{"start":{"line":19,"column":19},"end":{"line":19,"column":21}},"10":{"start":{"line":20,"column":8},"end":{"line":24,"column":11}},"11":{"start":{"line":21,"column":12},"end":{"line":23,"column":15}},"12":{"start":{"line":22,"column":16},"end":{"line":22,"column":49}},"13":{"start":{"line":27,"column":8},"end":{"line":33,"column":11}},"14":{"start":{"line":28,"column":12},"end":{"line":30,"column":14}},"15":{"start":{"line":29,"column":16},"end":{"line":29,"column":38}},"16":{"start":{"line":32,"column":16},"end":{"line":32,"column":42}},"17":{"start":{"line":35,"column":8},"end":{"line":35,"column":50}},"18":{"start":{"line":41,"column":0},"end":{"line":41,"column":24}}},"fnMap":{"0":{"name":"(anonymous_0)","decl":{"start":{"line":10,"column":16},"end":{"line":10,"column":17}},"loc":{"start":{"line":10,"column":40},"end":{"line":38,"column":1}},"line":10},"1":{"name":"(anonymous_1)","decl":{"start":{"line":12,"column":24},"end":{"line":12,"column":25}},"loc":{"start":{"line":12,"column":43},"end":{"line":37,"column":5}},"line":12},"2":{"name":"(anonymous_2)","decl":{"start":{"line":20,"column":21},"end":{"line":20,"column":22}},"loc":{"start":{"line":20,"column":45},"end":{"line":24,"column":9}},"line":20},"3":{"name":"(anonymous_3)","decl":{"start":{"line":21,"column":37},"end":{"line":21,"column":38}},"loc":{"start":{"line":21,"column":54},"end":{"line":23,"column":13}},"line":21},"4":{"name":"(anonymous_4)","decl":{"start":{"line":27,"column":31},"end":{"line":27,"column":32}},"loc":{"start":{"line":27,"column":42},"end":{"line":31,"column":9}},"line":27},"5":{"name":"(anonymous_5)","decl":{"start":{"line":28,"column":19},"end":{"line":28,"column":20}},"loc":{"start":{"line":28,"column":29},"end":{"line":30,"column":13}},"line":28},"6":{"name":"(anonymous_6)","decl":{"start":{"line":31,"column":10},"end":{"line":31,"column":11}},"loc":{"start":{"line":31,"column":25},"end":{"line":33,"column":9}},"line":31}},"branchMap":{"0":{"loc":{"start":{"line":13,"column":8},"end":{"line":16,"column":9}},"type":"if","locations":[{"start":{"line":13,"column":8},"end":{"line":16,"column":9}},{"start":{"line":13,"column":8},"end":{"line":16,"column":9}}],"line":13}},"s":{"0":1,"1":1,"2":1,"3":1,"4":1,"5":0,"6":0,"7":0,"8":0,"9":0,"10":0,"11":0,"12":0,"13":0,"14":0,"15":0,"16":0,"17":0,"18":1},"f":{"0":0,"1":0,"2":0,"3":0,"4":0,"5":0,"6":0},"b":{"0":[0,0]},"_coverageSchema":"1a1c01bbd47fc00a2c39e90264f33305004495a9","hash":"aefe5b77b2c15ce0b0c52bd423d44ea0d57b7f7a"}
}
